512
Building MLP model...

Model: "sequential"
_________________________________________________________________
Layer (type)                 Output Shape              Param #   
=================================================================
first (Reshape)              (None, 3072)              0         
_________________________________________________________________
second (Dense)               (None, 512)               1573376   
_________________________________________________________________
dense (Dense)                (None, 8)                 4104      
=================================================================
Total params: 1,577,480
Trainable params: 1,577,480
Non-trainable params: 0
_________________________________________________________________
None
Done!

WARNING: model file /home/group04/M3/w3/models/mlp_width512.h5 exists and will be overwritten!

Start training...

Found 1881 images belonging to 8 classes.
Found 807 images belonging to 8 classes.
Done!

Saving the model into /home/group04/M3/w3/models/mlp_width512.h5 

Done!

prediction for image /home/mcv/datasets/MIT_split/test/coast/cdmc900.jpg
[[0.         0.         1.6015006  0.5752088  0.         0.
  0.         0.         0.         0.         0.20740956 0.
  0.4023026  0.         0.         0.18495451 0.         2.2024424
  0.59730774 0.6472069  0.         1.2429904  0.17368509 0.
  0.10630135 0.         1.9879302  0.         0.         0.03514875
  0.         0.         0.         0.         2.7114508  0.41765088
  0.8291796  0.         0.         0.07896426 0.         0.
  0.1466408  0.         1.2242879  0.44166052 0.         0.
  0.52914184 0.6856739  0.         0.         0.3393322  0.661062
  0.26241192 0.98623955 0.         0.         0.01500717 0.
  0.17231737 0.9423948  0.         0.         1.307778   0.36549854
  0.         0.         0.         0.         0.         0.73873436
  0.         0.32530183 2.0546746  0.         0.         0.
  0.7598212  0.         0.         0.         0.         0.
  0.         0.9727114  0.         0.15106247 0.         0.9694232
  0.         0.         1.0736109  0.         0.         0.
  0.         0.9433669  0.         0.         1.1483698  0.
  0.         0.         0.37489986 0.         0.41803324 0.
  1.6323594  0.         0.1681679  0.         0.5790203  2.5047295
  1.9754303  0.         0.         0.         0.         0.50306803
  0.         1.4286995  0.02665054 0.30026728 0.         0.
  0.         0.         0.         0.         0.5315145  0.35672703
  0.         0.10399    0.         0.8865971  0.7820864  0.
  0.8828497  0.         0.         1.5432383  0.         0.3964463
  0.4173388  0.         0.         0.3784962  0.         0.
  1.0943115  0.         0.06420477 0.         1.926368   0.
  0.35061136 0.06140637 0.         0.         0.         0.
  0.7450014  0.         0.         0.03964923 0.7686951  0.4422012
  0.         0.         0.         0.         0.         0.
  0.         0.         0.636504   0.         0.         1.076223
  2.4112802  0.         0.03434478 0.1491138  0.         0.
  1.844282   0.         0.19794616 0.23480661 0.738807   0.
  0.         0.35293475 0.         0.         1.2599989  0.
  0.26641172 0.86085767 0.         0.01271028 0.38928658 0.19872695
  0.         1.1493739  0.         0.         0.         0.61907446
  0.         2.0150816  0.         0.         1.2035428  0.
  0.         0.         0.         0.         0.8003116  0.6170991
  0.         0.         0.         0.         0.08789358 0.
  0.         0.         0.         0.         0.29748267 0.
  0.18740557 0.         0.         0.         0.6037495  0.58429956
  0.         0.74742997 0.80247897 0.         0.         1.5954895
  0.         0.20686525 0.         0.         0.         0.65155935
  0.         1.6248937  0.16656002 0.         0.         0.
  0.         0.         0.45197892 0.         0.         0.6400593
  0.         0.         0.4092804  0.         0.7626989  0.561369
  1.0428071  0.4016206  1.1756996  0.88773507 0.         0.
  0.         0.         0.         1.266887   0.         0.
  1.6811692  0.         0.         0.69475484 0.         0.8395599
  0.40957543 0.         2.5488403  0.         0.         0.05480282
  0.9333162  2.741762   0.         0.         0.19138232 0.34045804
  0.19501556 0.92334974 0.31160468 0.83047867 0.         0.
  0.         0.         0.67824554 0.         0.         0.
  0.40706334 0.45537513 0.44747046 0.         0.         0.03423679
  0.24000084 0.23727418 0.         1.3129896  0.7535997  1.1128318
  0.3257201  0.         0.         0.         0.         0.
  1.52471    0.         0.         0.11489849 0.         0.38818046
  0.02009244 0.         0.07249013 0.0076139  0.         0.
  0.         0.         0.         0.         1.5749208  0.
  0.         0.7772564  0.         0.4966444  0.9039293  0.
  0.47531366 0.         0.8408868  1.2367162  0.         0.
  0.         0.         0.7278551  0.         0.         0.
  0.         0.01477124 0.         0.13044    0.         0.
  0.         0.84752786 0.         0.3563909  0.         0.
  0.13774003 0.16873345 0.         0.         0.         0.9341218
  0.8649158  0.         0.18076351 1.096089   0.         0.4137847
  0.38226536 0.         0.         0.         0.         0.
  0.         0.4548441  0.2376748  1.0434133  0.82717603 0.
  0.4825832  0.         0.         0.         0.         1.8170851
  0.17086235 0.         0.         2.321974   0.81654006 0.30941808
  0.         0.         0.25926226 1.1916797  0.         0.
  0.9588609  0.22008297 0.         0.         0.         0.
  0.         0.21682465 0.04546485 0.98784196 0.         0.
  0.         0.31632146 0.         0.         0.         0.
  0.         0.72527355 0.         1.6811051  0.         0.05686089
  0.         0.42968726 0.58951825 0.         0.         0.67194957
  1.5061251  1.9690939  0.         0.45373574 0.         0.22163081
  0.         0.34318095 0.         0.60468024 0.         0.
  0.         0.         0.         0.         0.         2.0890691
  0.         0.         0.53478676 0.9059244  0.         2.448659
  0.         0.7039717  1.1529187  0.08652438 0.         0.
  0.         0.00892618 0.         0.         0.         0.80849165
  0.         0.6278599  0.         0.         0.         0.
  1.2014214  0.         0.         0.         0.         0.19731915
  0.04744835 0.31948477 0.         0.         0.         0.
  0.         0.3277199  0.5982692  0.5150136  0.03162474 0.
  0.         0.        ]]
Done!
