Building MLP model...

Model: "sequential"
_________________________________________________________________
Layer (type)                 Output Shape              Param #   
=================================================================
first (Reshape)              (None, 49152)             0         
_________________________________________________________________
second (Dense)               (None, 2048)              100665344 
_________________________________________________________________
dense (Dense)                (None, 8)                 16392     
=================================================================
Total params: 100,681,736
Trainable params: 100,681,736
Non-trainable params: 0
_________________________________________________________________
None
Done!

Start training...

Found 1881 images belonging to 8 classes.
Found 807 images belonging to 8 classes.
Done!

Saving the model into /home/group04/M3/w3/models/mlp_imagesize_128.h5 

Done!

prediction for image /home/mcv/datasets/MIT_split/test/coast/cdmc900.jpg
[[0.         0.         0.         ... 0.         0.         0.08412474]]
Done!
